 Last login: Thu Apr  4 11:30:12 2019 from 192.168.15.2
This system is for the use of authorized users only.

 sdpuser@RY1SDPTB>cd /var/opt/fds/logs
sdpuser@RY1SDPTB>
sdpuser@RY1SDPTB>
 tail -0f TraceEventLogFile.txt.0 | grep 950032069 | tr "|" "\n" 

 1554366648.129000[20190404 11:30:21.129000] Module: PSC-CIPDiameter/8.1/A/1 Event: CIPDiameter: Tracing diameter request ID: 7100020 Type: 2269699863189094401 Count: 279486 Aff.Obj: 966950032069 Info: Received request with size 560 byte
--------------------Begin Raw-----------------------
01 00 02 30 80 FF FF FE 01 00 00 10 6B 4D CD C4 6B 4D CD C4 00 00 01 07 40 00
00 25 64 69 61 6D 65 74 65 72 64 2D 31 35 35 34 33 36 36 36 34 38 2D 31 31 39
32 36 37 2D 37 00 00 00 00 00 01 04 40 00 00 20 00 00 01 02 40 00 00 0C 01 00
00 10 00 00 01 0A 40 00 00 0C 00 00 00 C1 00 00 01 08 40 00 00 11 73 69 6D 75
6C 61 74 6F 72 00 00 00 00 00 01 28 40 00 00 16 73 69 6D 75 6C 61 74 6F 72 2E
64 65 6D 6F 00 00 00 00 01 1B 40 00 00 19 7A 61 69 6E 2E 72 79 31 73 64 70 74
62 2E 63 6F 6D 00 00 00 00 00 01 9F 40 00 00 0C 00 00 00 00 00 00 01 A0 40 00
00 0C 00 00 00 01 00 00 01 BB 40 00 00 28 00 00 01 BC 40 00 00 14 39 36 36 39
35 30 30 33 32 30 36 39 00 00 01 C2 40 00 00 0C 00 00 00 00 00 00 01 C8 40 00
00 AC 00 00 01 B5 40 
 00 00 08 00 00 01 B7 40 00 00 0C 00 00 00 00 00 00 04 2C
C0 00 00 0D 00 00 00 C1 31 00 00 00 00 00 04 61 80 00 00 10 00 00 00 C1 00 00
00 00 00 00 04 62 80 00 00 10 00 00 00 C1 00 00 00 00 00 00 04 33 80 00 00 60
00 00 00 C1 00 00 04 34 C0 00 00 10 00 00 00 C1 00 00 00 00 00 00 04 35 C0 00
00 18 00 00 00 C1 39 36 36 35 39 31 33 36 37 31 34 34 00 00 04 36 C0 00 00 10
00 00 00 C1 00 00 00 00 00 00 04 4F C0 00 00 1C 00 00 00 C1 00 00 04 51 80 00
00 10 00 00 00 C1 00 00 07 D1 00 00 01 CD 40 00 00 25 43 6F 72 65 5F 43 6F 6E
74 65 78 74 5F 52 31 41 40 65 72 69 63 73 73 6F 6E 2E 63 6F 6D 00 00 00 00 00
04 27 80 00 00 18 00 00 00 C1 00 00 00 37 40 00 00 0C E0 50 3F 38 00 00 04 29
C0 00 00 24 00 00 00 C1 43 41 50 76 32 5F 56 2E 31 2E 30 40 65 72 69 63 73 73
6F 6E 2E 63 6F 6D 00 00 04 32 C0 00 00 0E 00 00 00 C1 34 39 00 00 00 00 04 3B
C0 00 00 0F 00 00 00 C1 52 31 41 00 00 00 00 17 C0 00 00 0E 00 00 28 AF 00 00
00 00 00 00 00 37 40 00 00 0C E0 50 3F 38 
--------------------End Raw------------------------

 --------------------Begin Command -----------------------
Head: [r---:16777214:16777232]
    263 [-m-:263:0] {6469616D65746572642D313535343336363634382D3131393236372D37} I     Session-Id [-m-:263:0] {6469616D65746572642D313535343336363634382D3131393236372D37}
    260 [-m-:260:0]                                                   I     Vendor-Specific-Application-Id [-m-:260:0]
        258 [-m-:258:0] {01000010}                                    I         Auth-Application-Id [-m-:258:0] {16777232}
        266 [-m-:266:0] {000000C1}                                    I         Vendor-Id [-m-:266:0] {193}
    264 [-m-:264:0] {73696D756C61746F72}                              I     Origin-Host [-m-:264:0] {73696D756C61746F72}
    296 [-m-:296:0] {73696D756C61746F722E64656D6F}                    I     Origin-Realm [-m-:296:0] {73696D756C61746F722E64656D6F}
    283 [-m-:283:0] {7A61696E2E72793173647074622E636F6D}              I     Destination-Realm [-m-:283:0] {7A61696E2E72793173647074622E636F6D}
    415 [
 -m-:415:0] {00000000}                                        I     CC-Request-Number [-m-:415:0] {0}
    416 [-m-:416:0] {00000001}                                        I     CC-Request-Type [-m-:416:0] {1} {INITIAL_REQUEST}
    443 [-m-:443:0]                                                   I     Subscription-Id [-m-:443:0]
        444 [-m-:444:0] {393636393530303332303639}                    I         Subscription-Id-Data [-m-:444:0] {966950032069}
        450 [-m-:450:0] {00000000}                                    I         Subscription-Id-Type [-m-:450:0] {0} {END_USER_E164}
    456 [-m-:456:0]                                                   I     MSCC [-m-:456:0]
        437 [-m-:437:0]                                               I         Requested-Service-Unit [-m-:437:0]
        439 [-m-:439:0] {00000000}                                    I         Service-Identifier [-m-:439:0] {0}
        1068 [vm-:1068:193] {31}                                      I         Service-Session-Id [v
 m-:1068:193] {31}
        1121 [v--:1121:193] {00000000}                                I         Roaming-Position [v--:1121:193] {0} {Inside HPLMN}
        1122 [v--:1122:193] {00000000}                                I         Service-Scenario [v--:1122:193] {0} {Mobile Originating}
        1075 [v--:1075:193]                                           I         Other-Party-Id [v--:1075:193]
            1076 [vm-:1076:193] {00000000}                            I             Other-Party-Id-Nature [vm-:1076:193] {0} {Unknown}
            1077 [vm-:1077:193] {393636353931333637313434}            I             Other-Party-Id-Data [vm-:1077:193] {966591367144}
            1078 [vm-:1078:193] {00000000}                            I             Other-Party-Id-Type [vm-:1078:193] {0} {END_USER_E164}
            1103 [vm-:1103:193]                                       I             Other-Party-Id-MNP [vm-:1103:193]
                1105 [v--:1105:193] {000007D1}                        I                 Other-
 Party-Id-MNP-Result [v--:1105:193] {2001}
    461 [-m-:461:0] {436F72655F436F6E746578745F523141406572696373736F6E2E636F6D} I     Service-Context [-m-:461:0] {Core_Context_R1A@ericsson.com}
    1063 [v--:1063:193]                                               I     Access-Information [v--:1063:193]
        55 [-m-:55:0] {E0503F38}                                      I         Event-Timestamp [-m-:55:0] {E0503F38}
    1065 [vm-:1065:193] {43415076325F562E312E30406572696373736F6E2E636F6D} I     Charging-Context-Id [vm-:1065:193] {CAPv2_V.1.0@ericsson.com}
    1074 [vm-:1074:193] {3439}                                        I     Subscription-Id-Location [vm-:1074:193] {49}
    1083 [vm-:1083:193] {523141}                                      I     CIP-IP-Version [vm-:1083:193] {R1A}
    23 [vm-:23:10415] {0000}                                          I     TimeZone [vm-:23:10415]
    55 [-m-:55:0] {E0503F38}                                          I     Event-Timestamp [-m-:55:0] {E0503F38}
--------
 ------------End Command -----------------------

1554366648.130000[20190404 11:30:21.130000] Module: PSC-TrafficHandler/8.1/A/1 Event: Tree execution trace ID: 9900006 Type: 2269699863190011905 Count: 153398 Aff.Obj: 966950032069 Info: Provider: NumberNormalization RatingPlan: 0
Print out of data set:
-- Full DataSet output --
Service: NumberNormalization
Values:
  Wanted Nature of number = SDP format
  Nature of number = International
  Number to normalize = 966950032069

-- Output done --


 ========================================== [Main_NumberNormalization_With_DCIP_PA2]
  ========================================== [Normalization for CIP/IP]
   1? <TRUE> Integer : Wanted Nature of number(SDP format) = SDP format
   ========================================== [00966]
    1? <FALSE> Number to normalize (966950032069) is NOT in list
   ========================================== [966]
    1? <FALSE> Number to normalize (966950032069) is NOT in list
   =====================================
 ===== [0]
    1? <FALSE> Number to normalize (966950032069) is NOT in list
   ========================================== [00966]
    1? <FALSE> Number to normalize (966950032069) is NOT in list
   ========================================== [966]
    1? <FALSE> Number to normalize (966950032069) is NOT in list
   ========================================== [966]
    1? <TRUE> Number to normalize (966950032069) is in list
    1! Number to normalize: 4 - 966950032069
    1! Normalized number  : 1 - 950032069



Parameters that were changed:
Normalized number = 950032069


1554366648.131000[20190404 11:30:21.131000] Module: PSC-TrafficHandler/8.1/A/1 Event: OperationManager: Trace of input message, RequestData and ChargingState ID: 5000100 Type: 2269699863188406273 Count: 63530 Aff.Obj: 950032069 Info: 
<interrogationRequest>
   <header>
      <subscriberId type="Subscriber (SDP format)">950032069</subscriberId>
      <subscriberIdIMSI/>
      <chargingContextId>CAPv2_V.1.0@ericsson.com</char
 gingContextId>
      <requestInfo>
         <requestId>0x[73,69,6d,75,6c,61,74,6f,72,6b,4d,cd,c4]</requestId>
         <requestResent>false</requestResent>
      </requestInfo>
      <globalChargingState/>
      <isEndOfGlobalSessionOperationNeeded>false</isEndOfGlobalSessionOperationNeeded>
      <chargingControlRequestType>REQ_INITIAL</chargingControlRequestType>
      <chargingSessionData>
         <sessionId>diameterd-1554366648-119267-7</sessionId>
         <originRealm>simulator.demo</originRealm>
         <originHost>simulator</originHost>
      </chargingSessionData>
      <currentLocalTime/>
      <isEligibleForProviderBypass>false</isEligibleForProviderBypass>
   </header>
</interrogationRequest>

1554366648.132000[20190404 11:30:21.132000] Module: PSC-TrafficHandler/8.1/A/1 Event: OperationManager: Trace of input message, RequestData and ChargingState ID: 5000100 Type: 2269699863188406273 Count: 63531 Aff.Obj: 950032069 Info: 
<serviceRequest index="0">
   <header>
      <subsc
 riberId type="Subscriber (SDP format)">950032069</subscriberId>
      <subscriberIdIMSI/>
      <chargingContextId>CAPv2_V.1.0@ericsson.com</chargingContextId>
      <requestInfo>
         <requestId>0x[73,69,6d,75,6c,61,74,6f,72,6b,4d,cd,c4]</requestId>
         <requestResent>false</requestResent>
      </requestInfo>
      <globalChargingState/>
      <isEndOfGlobalSessionOperationNeeded>false</isEndOfGlobalSessionOperationNeeded>
      <chargingControlRequestType>REQ_INITIAL</chargingControlRequestType>
      <chargingSessionData>
         <sessionId>diameterd-1554366648-119267-7</sessionId>
         <originRealm>simulator.demo</originRealm>
         <originHost>simulator</originHost>
      </chargingSessionData>
      <currentLocalTime/>
      <isEligibleForProviderBypass>false</isEligibleForProviderBypass>
   </header>
   <data>
      <request>
         <serviceRequest>
            <type>OP_FIRST</type>
            <triggerTime>1554366648</triggerTime>
            <timeZone>0</tim
 eZone>
            <daylightSavingTime/>
            <isStartOfSessionTime>false</isStartOfSessionTime>
            <isOfflineRequest>false</isOfflineRequest>
            <isReratingRequest>false</isReratingRequest>
            <serviceIdentifier>0</serviceIdentifier>
            <requestedUnits>
               <time/>
               <money/>
               <volume/>
               <serviceSpecific/>
            </requestedUnits>
            <requestedValidityTime>
               <value>0</value>
            </requestedValidityTime>
            <usedUnits/>
            <usedUnitsAfter/>
            <serviceSessionId>0x[31]</serviceSessionId>
            <recalculateTriggerTime>false</recalculateTriggerTime>
         </serviceRequest>
         <contextRequest>
            <ratingInput>
               <DDRAttributeMap tag="0">
                  <DDRString tag="16778217" name="Subscription-Id-Location">49</DDRString>
                  <DDRAddressString tag="16778219" name="Other-Party-Id-
 Address" type="Unknown">966591367144</DDRAddressString>
                  <DDRUnsignedInt32 tag="16778222" name="Other-Party-Id-MNP-Result">2001</DDRUnsignedInt32>
                  <DDRUnsignedInt32 tag="16778324" name="Other-Party-Id-Nature">0</DDRUnsignedInt32>
                  <DDRString tag="16778292" name="Other-Party-Id-Data">966591367144</DDRString>
               </DDRAttributeMap>
            </ratingInput>
            <changeableRatingInput>
               <DDRAttributeMap tag="0">
               </DDRAttributeMap>
            </changeableRatingInput>
         </contextRequest>
         <dedicatedAccountRequest>
            <maxNumberOfDA>255</maxNumberOfDA>
            <maxDedicatedAccountIdValue>2147483647</maxDedicatedAccountIdValue>
            <preSelectedDedicatedAccount>0</preSelectedDedicatedAccount>
            <isOfferDrivenRatingSupported>true</isOfferDrivenRatingSupported>
         </dedicatedAccountRequest>
         <fafRequest>
            <otherPartyNr type="Unknow
 n">966591367144</otherPartyNr>
         </fafRequest>
         <communityRequest>
            <otherPartyNr type="Unknown">966591367144</otherPartyNr>
            <nonChargedCommunityIds/>
         </communityRequest>
         <trafficTypeRequest>
            <serviceScenario>Mobile Originating</serviceScenario>
            <serviceExtension>Undefined</serviceExtension>
            <roamingPosition>Inside HPLMN</roamingPosition>
            <access>CAPv2</access>
         </trafficTypeRequest>
         <announcementRequest>PLAY_ANNOUNCEMENT</announcementRequest>
         <screeningRequest>
            <otherPartyNr type="Unknown">966591367144</otherPartyNr>
         </screeningRequest>
         <sessionSetupResultRequest/>
         <dataRecordRequest>
            <generateDataRecordType>DATA_RECORD</generateDataRecordType>
         </dataRecordRequest>
         <optimizedDialogueRequest>
            <optimisedDialoguePossible>false</optimisedDialoguePossible>
         </optimizedDialogue
 Request>
         <accumulatorRequest>
            <maxAccumulatorIDValue>2147483647</maxAccumulatorIDValue>
            <maxNumberOfAccumulators>255</maxNumberOfAccumulators>
            <maxNumberOfUpdatedAccumulators>255</maxNumberOfUpdatedAccumulators>
         </accumulatorRequest>
         <customizationRequest>
            <customizationData/>
         </customizationRequest>
         <chargingFromTriggerRequest>
            <isApplicable>true</isApplicable>
         </chargingFromTriggerRequest>
         <userNotificationAtTerminationRequest>
            <isToSendUserNotification>false</isToSendUserNotification>
         </userNotificationAtTerminationRequest>
         <subscriptionTypes>CORE</subscriptionTypes>
         <handlingOfLateRoamingCDRRequest/>
         <handlingOfUsedOfferIdRequest/>
         <supportRedirectServerRequest/>
         <handlingOfNegativeTariffOnDaRequest/>
      </request>
      <state disc="CSIT_UNPACKED">
         <contextState>
            <paramete
 rMemory/>
         </contextState>
         <fafState>
            <fafIndicator>0</fafIndicator>
         </fafState>
         <accumulatorState/>
         <communityState/>
         <sessionAccumulatorState>
            <subAccumulatedDuration>[]</subAccumulatedDuration>
            <accumulatedUnits>
               <time/>
               <money/>
               <volume/>
               <serviceSpecific/>
            </accumulatedUnits>
         </sessionAccumulatorState>
         <dedicatedAccountState/>
         <accountState/>
         <aggregatedBalanceState/>
         <walletState/>
         <serviceOfferingsState/>
         <ratingState/>
         <treeDefinedFieldsState/>
         <priceFactorState>
            <priceFactor>0x[]</priceFactor>
         </priceFactorState>
         <serviceConfigState/>
         <usageCounterState>
            <correlationId>-1</correlationId>
            <providerCorrelationId>-1</providerCorrelationId>
            <providerId/>
        
  </usageCounterState>
         <accumulatedChargeState/>
         <chargingFromTriggerState/>
         <dynamicDiscountState/>
         <productState/>
      </state>
      <returnState>CSIT_PACKED</returnState>
   </data>
</serviceRequest>

1554366648.141000[20190404 11:30:21.141000] Module: PSC-TrafficHandler/8.1/A/1 Event: Tree execution trace ID: 9900006 Type: 2269699863190011905 Count: 153399 Aff.Obj: 950032069 Info: Provider: ServiceDetailDetermination RatingPlan: main
Current time:       2019-04-04 11:30:48

Print out of data set:
  USSD Messages - Start of Session: true
  Time Since Last Interrogation: 0
  Dedicated Accounts: 
   ID   Prod. ID  Balance         Start date     Expiry date     Empty level  Composite  DA type  DA owner  PAM relative dates  
   ---  --------  --------------  -------------  --------------  -----------  ---------  -------  --------  ------------------  
   500         0  1000000.000000  No start date  No expiry date           No         No    Money  Consum
 er                  No  
   501         0  1000000.000000  No start date  No expiry date           No         No    Money  Provider                  No

 Context specific information: 
  Charging context: CAPv2_V.1.0@ericsson.com
  Service identifier: 0
  Call setup result: Result NOT supplied
  Subscription-Id-Address: 950032069
  Service extension: Not set
  Service scenario: Mobile Originating
  Other-Party-Id-Data: 966591367144
  Roaming position: Inside HPLMN
  Other-Party-Id-MNP-Result: 2001 - Success
  Other-Party-Id-Nature: 0 = Unknown
  Other-Party-Id-Address: 966591367144
  Subscription-Id-Location: 49




 ========================================== [CBIO_MAIN_V2]
  ========================================== [PCRF_Data_Offers]
   1? <FALSE> CompoundBoolean : Using AND on the result from all children
    1? <TRUE> NumberSeries : Service class(8010) is found in series
    2? <FALSE> String : Charging context ID("CAPv2_V.1.0@ericsson.com") equals (case sensitive) "Ericsson_OCS_V
 1_0.0.0.10.32251@3gpp.org"
  ========================================== [Normal Data]
   1? <FALSE> CompoundBoolean : Using AND on the result from all children
    1? <TRUE> NumberSeries : Service class(8010) is found in series
    2? <FALSE> String : Charging context ID("CAPv2_V.1.0@ericsson.com") equals (case sensitive) "Ericsson_OCS_V1_0.0.0.10.32251@3gpp.org"
  ========================================== [B2C Postpaid G]
   1? <TRUE> CompoundBoolean : Using OR on the result from all children
    1? <TRUE> Short : Service class(8010) = 8010
   1! SetField : User Messages Start Of Session = true
   ========================================== [CL Check]
    1? <TRUE> UsageCounter 501.0 (0.000000) is above or equal to UsageThreshold 501 * Value % (0.000000)
    1? Partial charging interval allowed: True
    1? Session termination: False
    1! Stopped tree execution



Parameters that were changed:

Output Tree defined variables


1554366648.154000[20190404 11:30:21.154000] Module: PSC-Tra
 fficHandler/8.1/A/1 Event: Tree execution trace ID: 9900006 Type: 2269699863190011905 Count: 153400 Aff.Obj: 950032069 Info: Provider: PreAnalysis RatingPlan: main
SDP local time: 2019-04-04 11:30:48 +03:00
Start time: 2019-04-04 08:30:48 +00:00

Print out of data set:
  Account group id: 0
  Service offerings: 0
  Account FaF Numbers: No account FAF numbers defined
  Subscriber FaF Numbers: No subscriber FAF numbers defined
  Service class: 8010
  Screening Result: 0

 Context specific information: 
  Charging context: CAPv2_V.1.0@ericsson.com
  Service identifier: 0
  Call setup result: Result NOT supplied
  Subscription-Id-Address: 950032069
  Service extension: Not set
  Service scenario: Mobile Originating
  Other-Party-Id-Data: 966591367144
  Roaming position: Inside HPLMN
  Other-Party-Id-MNP-Result: 2001 - Success
  Other-Party-Id-Nature: 0 = Unknown
  Other-Party-Id-Address: 966591367144
  Subscription-Id-Location: 49




 ========================================== [TDF_T
